<?xml version="1.0" encoding="UTF-8"?>
<testng-results skipped="1" failed="0" total="1" passed="0">
  <reporter-output>
  </reporter-output>
  <suite name="Default suite" duration-ms="56" started-at="2018-02-28T05:51:04Z" finished-at="2018-02-28T05:51:04Z">
    <groups>
    </groups>
    <test name="Default test" duration-ms="56" started-at="2018-02-28T05:51:04Z" finished-at="2018-02-28T05:51:04Z">
      <class name="Test_Cases.IMDBDATA">
        <test-method status="FAIL" signature="beforeClass(java.lang.String)[pri:0, instance:Test_Cases.IMDBDATA@d8355a8]" name="beforeClass" is-config="true" duration-ms="0" started-at="2018-02-28T11:21:04Z" finished-at="2018-02-28T11:21:04Z">
          <exception class="org.testng.TestNGException">
            <message>
              <![CDATA[
Parameter 'browser' is required by @Configuration on method beforeClass but has not been marked @Optional or defined
in C:\Users\BBT-51\AppData\Local\Temp\testng-eclipse--580644573\testng-customsuite.xml]]>
            </message>
            <full-stacktrace>
              <![CDATA[org.testng.TestNGException: 
Parameter 'browser' is required by @Configuration on method beforeClass but has not been marked @Optional or defined
in C:\Users\BBT-51\AppData\Local\Temp\testng-eclipse--580644573\testng-customsuite.xml
	at org.testng.internal.Parameters.createParameters(Parameters.java:155)
	at org.testng.internal.Parameters.createParameters(Parameters.java:358)
	at org.testng.internal.Parameters.createConfigurationParameters(Parameters.java:86)
	at org.testng.internal.Invoker.invokeConfigurations(Invoker.java:199)
	at org.testng.internal.Invoker.invokeConfigurations(Invoker.java:138)
	at org.testng.internal.TestMethodWorker.invokeBeforeClassMethods(TestMethodWorker.java:175)
	at org.testng.internal.TestMethodWorker.run(TestMethodWorker.java:107)
	at org.testng.TestRunner.privateRun(TestRunner.java:767)
	at org.testng.TestRunner.run(TestRunner.java:617)
	at org.testng.SuiteRunner.runTest(SuiteRunner.java:348)
	at org.testng.SuiteRunner.runSequentially(SuiteRunner.java:343)
	at org.testng.SuiteRunner.privateRun(SuiteRunner.java:305)
	at org.testng.SuiteRunner.run(SuiteRunner.java:254)
	at org.testng.SuiteRunnerWorker.runSuite(SuiteRunnerWorker.java:52)
	at org.testng.SuiteRunnerWorker.run(SuiteRunnerWorker.java:86)
	at org.testng.TestNG.runSuitesSequentially(TestNG.java:1224)
	at org.testng.TestNG.runSuitesLocally(TestNG.java:1149)
	at org.testng.TestNG.run(TestNG.java:1057)
	at org.testng.remote.AbstractRemoteTestNG.run(AbstractRemoteTestNG.java:114)
	at org.testng.remote.RemoteTestNG.initAndRun(RemoteTestNG.java:251)
	at org.testng.remote.RemoteTestNG.main(RemoteTestNG.java:77)
]]>
            </full-stacktrace>
          </exception> <!-- org.testng.TestNGException -->
          <reporter-output>
          </reporter-output>
        </test-method> <!-- beforeClass -->
        <test-method status="SKIP" signature="IMDB_DATA()[pri:0, instance:Test_Cases.IMDBDATA@d8355a8]" name="IMDB_DATA" duration-ms="6" started-at="2018-02-28T11:21:04Z" finished-at="2018-02-28T11:21:04Z">
          <reporter-output>
          </reporter-output>
        </test-method> <!-- IMDB_DATA -->
        <test-method status="SKIP" signature="afterClass()[pri:0, instance:Test_Cases.IMDBDATA@d8355a8]" name="afterClass" is-config="true" duration-ms="0" started-at="2018-02-28T11:21:04Z" finished-at="2018-02-28T11:21:04Z">
          <reporter-output>
          </reporter-output>
        </test-method> <!-- afterClass -->
      </class> <!-- Test_Cases.IMDBDATA -->
    </test> <!-- Default test -->
  </suite> <!-- Default suite -->
</testng-results>
